2020-07-08 15:38:24,798 ERROR [astra] Body Tracking Error: 0x600026a3 Orbbec Body Tracking trial expired. Please contact Orbbec support.
2020-07-08 17:43:21,832 ERROR [astra] Body Tracking Error: 0x60005943 Orbbec Body Tracking trial expired. Please contact Orbbec support.
2020-07-10 10:41:03,406 ERROR [astra] License net verify error http_socket_create failed
(0)
2020-07-10 10:42:45,481 ERROR [astra] License net verify error http_socket_create failed
(0)
2020-07-14 10:43:37,794 ERROR [astra] License net verify error license use number ge limit use number(1004)
2020-07-14 10:45:56,434 ERROR [astra] License net verify error license use number ge limit use number(1004)
2020-07-14 10:46:18,348 ERROR [astra] License net verify error license use number ge limit use number(1004)
2020-07-14 10:47:37,303 ERROR [astra] License net verify error license use number ge limit use number(1004)
2020-07-14 10:51:10,394 ERROR [astra] License net verify error license use number ge limit use number(1004)
2020-07-14 10:52:20,749 ERROR [astra] License net verify error license use number ge limit use number(1004)
2020-07-14 10:52:43,841 ERROR [astra] License net verify error http_socket_recv failed(0)
2020-07-14 10:52:59,162 ERROR [astra] License net verify error http_socket_create failed
(0)
2020-07-14 10:53:17,946 ERROR [astra] License net verify error http_socket_recv failed(0)
2020-07-14 10:59:37,813 ERROR [astra] License net verify error license use number ge limit use number(1004)
2020-07-14 11:06:22,576 ERROR [astra] License net verify error license use number ge limit use number(1004)
2020-07-14 11:26:22,203 ERROR [astra] License net verify error license use number ge limit use number(1004)
2020-07-14 11:29:40,386 ERROR [astra] Body Tracking Error: 0x600026d3 Orbbec Body Tracking trial expired. Please contact Orbbec support.
2020-07-14 11:29:50,088 ERROR [astra] License net verify error license use number ge limit use number(1004)
2020-07-14 11:30:15,173 ERROR [astra] License net verify error license use number ge limit use number(1004)
2020-07-14 11:31:31,555 ERROR [astra] License net verify error license use number ge limit use number(1004)
2020-07-14 11:32:11,697 ERROR [astra] License net verify error license use number ge limit use number(1004)
2020-07-14 11:37:22,772 ERROR [astra] License net verify error license use number ge limit use number(1004)
2020-07-14 11:39:29,982 ERROR [astra] License net verify error license use number ge limit use number(1004)
2020-07-14 11:39:42,043 ERROR [astra] Body Tracking Error: 0x60002793 Orbbec Body Tracking trial expired. Please contact Orbbec support.
2020-07-14 11:46:56,081 ERROR [astra] License net verify error license use number ge limit use number(1004)
2020-07-14 21:50:48,759 ERROR [astra] Body Tracking Error: 0x600024c3 Orbbec Body Tracking trial expired. Please contact Orbbec support.
2020-07-14 22:32:21,728 ERROR [astra] License net verify error http_socket_recv failed(0)
2020-07-15 12:00:42,410 ERROR [astra] License net verify error license use number ge limit use number(1004)
2020-07-15 12:02:26,549 ERROR [astra] License net verify error license use number ge limit use number(1004)
2020-07-15 12:02:37,818 ERROR [astra] License net verify error license use number ge limit use number(1004)
2020-07-15 12:03:05,106 ERROR [astra] License net verify error http_socket_create failed
(0)
2020-07-15 12:03:27,217 ERROR [astra] License net verify error http_socket_create failed
(0)
2020-07-15 12:03:45,503 ERROR [astra] License net verify error license use number ge limit use number(1004)
2020-07-15 12:04:32,253 ERROR [astra] License net verify error http_socket_create failed
(0)
2020-07-15 12:05:09,761 ERROR [astra] License net verify error license use number ge limit use number(1004)
2020-07-15 12:05:52,586 ERROR [astra] License net verify error license use number ge limit use number(1004)
2020-07-15 12:08:43,295 ERROR [astra] License net verify error license use number ge limit use number(1004)
2020-07-15 12:10:26,207 ERROR [astra] License net verify error license use number ge limit use number(1004)
2020-07-15 12:10:57,695 ERROR [astra] License net verify error license use number ge limit use number(1004)
2020-07-15 12:13:22,433 ERROR [astra] License net verify error license use number ge limit use number(1004)
2020-07-15 12:15:06,778 ERROR [astra] License net verify error license use number ge limit use number(1004)
2020-07-15 12:22:56,401 ERROR [astra] License net verify error license use number ge limit use number(1004)
2020-07-15 12:28:12,939 ERROR [astra] License net verify error license use number ge limit use number(1004)
2020-07-15 12:30:04,057 ERROR [astra] Body Tracking Error: 0x600023f3 Orbbec Body Tracking trial expired. Please contact Orbbec support.
2020-07-15 12:30:57,717 ERROR [astra] License net verify error license use number ge limit use number(1004)
2020-07-15 14:24:14,111 ERROR [astra] License net verify error http_socket_recv failed(0)
2020-07-15 14:24:46,357 ERROR [astra] License net verify error http_socket_recv failed(0)
2020-07-15 14:27:13,861 ERROR [astra] License net verify error http_socket_recv failed(0)
2020-07-15 14:27:50,568 ERROR [astra] License net verify error http_socket_recv failed(0)
2020-07-15 14:28:35,952 ERROR [astra] License net verify error http_socket_recv failed(0)
2020-07-15 14:28:59,747 ERROR [astra] License net verify error http_socket_recv failed(0)
